<?xml version="1.0" encoding="UTF-8"?>
<testng-results ignored="0" total="1" passed="1" failed="0" skipped="0">
  <reporter-output>
  </reporter-output>
  <suite started-at="2024-01-25T19:20:46 CST" name="Default suite" finished-at="2024-01-25T19:20:57 CST" duration-ms="10630">
    <groups>
      <group name="cucumber">
        <method signature="AbstractTestNGCucumberTests.feature(cucumber.api.testng.CucumberFeatureWrapper)[pri:0, instance:com.bangladesh.TestRunner.TestRunner_BD@73700b80]" name="feature" class="cucumber.api.testng.AbstractTestNGCucumberTests"/>
      </group> <!-- cucumber -->
    </groups>
    <test started-at="2024-01-25T19:20:46 CST" name="Default test" finished-at="2024-01-25T19:20:57 CST" duration-ms="10630">
      <class name="com.bangladesh.TestRunner.TestRunner_BD">
        <test-method is-config="true" signature="LaunchApplicationURL()[pri:0, instance:com.bangladesh.TestRunner.TestRunner_BD@73700b80]" started-at="2024-01-25T19:20:46 CST" name="LaunchApplicationURL" finished-at="2024-01-25T19:20:50 CST" duration-ms="4429" status="PASS">
          <reporter-output>
          </reporter-output>
        </test-method> <!-- LaunchApplicationURL -->
        <test-method is-config="true" signature="setUpClass()[pri:0, instance:com.bangladesh.TestRunner.TestRunner_BD@73700b80]" started-at="2024-01-25T19:20:50 CST" name="setUpClass" finished-at="2024-01-25T19:20:51 CST" duration-ms="507" status="PASS">
          <reporter-output>
          </reporter-output>
        </test-method> <!-- setUpClass -->
        <test-method signature="feature(cucumber.api.testng.CucumberFeatureWrapper)[pri:0, instance:com.bangladesh.TestRunner.TestRunner_BD@73700b80]" started-at="2024-01-25T19:20:51 CST" name="feature" description="Runs Cucumber Feature" data-provider="features" finished-at="2024-01-25T19:20:56 CST" duration-ms="4538" status="PASS">
          <params>
            <param index="0">
              <value>
                <![CDATA[Home page]]>
              </value>
            </param>
          </params>
          <reporter-output>
          </reporter-output>
        </test-method> <!-- feature -->
        <test-method is-config="true" signature="tearDownClass()[pri:0, instance:com.bangladesh.TestRunner.TestRunner_BD@73700b80]" started-at="2024-01-25T19:20:56 CST" name="tearDownClass" finished-at="2024-01-25T19:20:56 CST" duration-ms="198" status="PASS">
          <reporter-output>
          </reporter-output>
        </test-method> <!-- tearDownClass -->
        <test-method is-config="true" signature="CloseApplicationURL()[pri:0, instance:com.bangladesh.TestRunner.TestRunner_BD@73700b80]" started-at="2024-01-25T19:20:56 CST" name="CloseApplicationURL" finished-at="2024-01-25T19:20:57 CST" duration-ms="716" status="PASS">
          <reporter-output>
          </reporter-output>
        </test-method> <!-- CloseApplicationURL -->
      </class> <!-- com.bangladesh.TestRunner.TestRunner_BD -->
    </test> <!-- Default test -->
  </suite> <!-- Default suite -->
</testng-results>
